<?xml version="1.0" encoding="UTF-8"?>
<testng-results skipped="0" failed="0" ignored="0" total="1" passed="1">
  <reporter-output>
  </reporter-output>
  <suite name="Default suite" duration-ms="20066" started-at="2017-09-22T06:16:02Z" finished-at="2017-09-22T06:16:22Z">
    <groups>
    </groups>
    <test name="Default test" duration-ms="20066" started-at="2017-09-22T06:16:02Z" finished-at="2017-09-22T06:16:22Z">
      <class name="com.selenium.SeleniumDemo.ShreeKrishnaSharanamaMamah">
        <test-method status="PASS" signature="testSelenium()[pri:0, instance:com.selenium.SeleniumDemo.ShreeKrishnaSharanamaMamah@685cb137]" name="testSelenium" duration-ms="20047" started-at="2017-09-21T23:16:02Z" finished-at="2017-09-21T23:16:22Z">
          <reporter-output>
          </reporter-output>
        </test-method> <!-- testSelenium -->
      </class> <!-- com.selenium.SeleniumDemo.ShreeKrishnaSharanamaMamah -->
    </test> <!-- Default test -->
  </suite> <!-- Default suite -->
</testng-results>
